<?xml version="1.0" encoding="UTF-8"?>
<testsuite xmlns:xsi="http://www.w3.org/2001/XMLSchema-instance" xsi:noNamespaceSchemaLocation="https://maven.apache.org/surefire/maven-surefire-plugin/xsd/surefire-test-report.xsd" name="test.java.com.grfc.expert.AppTest" time="0.685" tests="1" errors="1" skipped="0" failures="0">
  <properties>
[...]
</properties>
  <testcase name="endToEnd" classname="test.java.com.grfc.expert.AppTest" time="0.569">
    <error type="java.lang.NullPointerException">java.lang.NullPointerException
	at test.java.com.grfc.expert.AppTest.endToEnd(AppTest.java:177)
</error>
    <system-out><![CDATA[url = http://192.168.71.62/api/v1/users/auth/login
urlParams = username=man&password=pswd
200
response = {"user":{"username":"man","first_name":"Эксперт","last_name":"Рядовой","middle_name":"","is_active":true,"position":"expert","phone_number":"","role":"expert","pk":113,"full_name":"Эксперт Рядовой","email":"t1nkt35t@gmail.com"},"token":"eyJ0eXAiOiJKV1QiLCJhbGciOiJIUzI1NiJ9.eyJ1c2VybmFtZSI6Im1hbiIsImV4cCI6MTUyNjAxOTk0MCwib3JpZ19pYXQiOjE1MjU0MTUxNDAsImVtYWlsIjoidDFua3QzNXRAZ21haWwuY29tIiwidXNlcl9pZCI6MTEzfQ.JCe456aP4LkSCuriF1SQKZyTwLXmieJLjPjeKkoeZ-U"}
eyJ0eXAiOiJKV1QiLCJhbGciOiJIUzI1NiJ9.eyJ1c2VybmFtZSI6Im1hbiIsImV4cCI6MTUyNjAxOTk0MCwib3JpZ19pYXQiOjE1MjU0MTUxNDAsImVtYWlsIjoidDFua3QzNXRAZ21haWwuY29tIiwidXNlcl9pZCI6MTEzfQ.JCe456aP4LkSCuriF1SQKZyTwLXmieJLjPjeKkoeZ-U
url = http://192.168.71.62/api/v1/users/man/review-inquiries/assign
urlParams = {"inquiry_ids":["1374"],"coauthors_ids":[113],"group_manager_id":115}
200
response = {"1374":{"status":400,"report":{"detail":"Ошибка! Экспертиза не в статусе Черновик."}}}
]]></system-out>
    <system-err><![CDATA[SLF4J: Failed to load class "org.slf4j.impl.StaticLoggerBinder".
SLF4J: Defaulting to no-operation (NOP) logger implementation
SLF4J: See http://www.slf4j.org/codes.html#StaticLoggerBinder for further details.
]]></system-err>
  </testcase>
</testsuite>